<?xml version="1.0" encoding="UTF-8"?>
<testsuite name="unittest.loader._FailedTest-20240229164204" tests="1" file="unittest/loader.py" time="0.006" timestamp="2024-02-29T16:42:05" failures="0" errors="1" skipped="0">
	<testcase classname="unittest.loader._FailedTest" name="test_prueba_tests" time="0.006" timestamp="2024-02-29T16:42:05">
		<error type="ImportError" message="Failed to import test module: test_prueba_tests
Traceback (most recent call last):
  File &quot;C:\Users\Jorge\AppData\Local\Programs\Python\Python312\Lib\unittest\loader.py&quot;, line 137, in loadTestsFromName
    module = __import__(module_name)
             ^^^^^^^^^^^^^^^^^^^^^^^
  File &quot;c:\users\jorge\documents\github\g85.2024.t05.eg2\src\unittest\python\test_prueba_tests.py&quot;, line 3, in &lt;module&gt;
    from prueba import sum
ModuleNotFoundError: No module named 'prueba'
"><![CDATA[Traceback (most recent call last):
  File "C:\Users\Jorge\AppData\Local\Programs\Python\Python312\Lib\unittest\case.py", line 58, in testPartExecutor
    yield
  File "C:\Users\Jorge\AppData\Local\Programs\Python\Python312\Lib\unittest\case.py", line 636, in run
    self._callTestMethod(testMethod)
    ^^^^^^^^^^^^^^^^^
  File "C:\Users\Jorge\AppData\Local\Programs\Python\Python312\Lib\unittest\case.py", line 589, in _callTestMethod
    if method() is not None:
    ^^^^^^^^^^^^^^^^^
  File "C:\Users\Jorge\AppData\Local\Programs\Python\Python312\Lib\unittest\loader.py", line 33, in testFailure
    raise self._exception
    ^^^^^^^^^^^^^^^^^
ImportError: Failed to import test module: test_prueba_tests
Traceback (most recent call last):
  File "C:\Users\Jorge\AppData\Local\Programs\Python\Python312\Lib\unittest\loader.py", line 137, in loadTestsFromName
    module = __import__(module_name)
             ^^^^^^^^^^^^^^^^^^^^^^^
  File "c:\users\jorge\documents\github\g85.2024.t05.eg2\src\unittest\python\test_prueba_tests.py", line 3, in <module>
    from prueba import sum
ModuleNotFoundError: No module named 'prueba'

]]></error>
	</testcase>
</testsuite>
